[INFO  - 2016-08-01T16:57:22.739Z] GhostDriver - Main - running on port 16638
[INFO  - 2016-08-01T16:57:23.142Z] Session [044b6a20-5809-11e6-9f51-61a714d3e784] - page.settings - {"XSSAuditingEnabled":false,"javascriptCanCloseWindows":true,"javascriptCanOpenWindows":true,"javascriptEnabled":true,"loadImages":true,"localToRemoteUrlAccessEnabled":false,"userAgent":"Mozilla/5.0 (Windows NT 6.2; WOW64) AppleWebKit/538.1 (KHTML, like Gecko) PhantomJS/2.1.1 Safari/538.1","webSecurityEnabled":true}
[INFO  - 2016-08-01T16:57:23.143Z] Session [044b6a20-5809-11e6-9f51-61a714d3e784] - page.customHeaders:  - {}
[INFO  - 2016-08-01T16:57:23.143Z] Session [044b6a20-5809-11e6-9f51-61a714d3e784] - Session.negotiatedCapabilities - {"browserName":"phantomjs","version":"2.1.1","driverName":"ghostdriver","driverVersion":"1.2.0","platform":"windows-10-32bit","javascriptEnabled":true,"takesScreenshot":true,"handlesAlerts":false,"databaseEnabled":false,"locationContextEnabled":false,"applicationCacheEnabled":false,"browserConnectionEnabled":false,"cssSelectorsEnabled":true,"webStorageEnabled":false,"rotatable":false,"acceptSslCerts":false,"nativeEvents":true,"proxy":{"proxyType":"direct"}}
[INFO  - 2016-08-01T16:57:23.279Z] SessionManagerReqHand - _postNewSessionCommand - New Session Created: 044b6a20-5809-11e6-9f51-61a714d3e784
[INFO  - 2016-08-01T16:57:28.729Z] ShutdownReqHand - _handle - About to shutdown
[INFO  - 2016-08-01T16:57:49.631Z] GhostDriver - Main - running on port 16806
[INFO  - 2016-08-01T16:57:50.356Z] Session [1483c9f0-5809-11e6-9444-ff506090b94e] - page.settings - {"XSSAuditingEnabled":false,"javascriptCanCloseWindows":true,"javascriptCanOpenWindows":true,"javascriptEnabled":true,"loadImages":true,"localToRemoteUrlAccessEnabled":false,"userAgent":"Mozilla/5.0 (Windows NT 6.2; WOW64) AppleWebKit/538.1 (KHTML, like Gecko) PhantomJS/2.1.1 Safari/538.1","webSecurityEnabled":true}
[INFO  - 2016-08-01T16:57:50.356Z] Session [1483c9f0-5809-11e6-9444-ff506090b94e] - page.customHeaders:  - {}
[INFO  - 2016-08-01T16:57:50.356Z] Session [1483c9f0-5809-11e6-9444-ff506090b94e] - Session.negotiatedCapabilities - {"browserName":"phantomjs","version":"2.1.1","driverName":"ghostdriver","driverVersion":"1.2.0","platform":"windows-10-32bit","javascriptEnabled":true,"takesScreenshot":true,"handlesAlerts":false,"databaseEnabled":false,"locationContextEnabled":false,"applicationCacheEnabled":false,"browserConnectionEnabled":false,"cssSelectorsEnabled":true,"webStorageEnabled":false,"rotatable":false,"acceptSslCerts":false,"nativeEvents":true,"proxy":{"proxyType":"direct"}}
[INFO  - 2016-08-01T16:57:50.356Z] SessionManagerReqHand - _postNewSessionCommand - New Session Created: 1483c9f0-5809-11e6-9444-ff506090b94e
[INFO  - 2016-08-01T16:57:55.375Z] ShutdownReqHand - _handle - About to shutdown
[INFO  - 2016-08-01T17:03:06.285Z] GhostDriver - Main - running on port 18848
[INFO  - 2016-08-01T17:03:07.023Z] Session [d1437db0-5809-11e6-a6e3-2f1650165287] - page.settings - {"XSSAuditingEnabled":false,"javascriptCanCloseWindows":true,"javascriptCanOpenWindows":true,"javascriptEnabled":true,"loadImages":true,"localToRemoteUrlAccessEnabled":false,"userAgent":"Mozilla/5.0 (Windows NT 6.2; WOW64) AppleWebKit/538.1 (KHTML, like Gecko) PhantomJS/2.1.1 Safari/538.1","webSecurityEnabled":true}
[INFO  - 2016-08-01T17:03:07.023Z] Session [d1437db0-5809-11e6-a6e3-2f1650165287] - page.customHeaders:  - {}
[INFO  - 2016-08-01T17:03:07.023Z] Session [d1437db0-5809-11e6-a6e3-2f1650165287] - Session.negotiatedCapabilities - {"browserName":"phantomjs","version":"2.1.1","driverName":"ghostdriver","driverVersion":"1.2.0","platform":"windows-10-32bit","javascriptEnabled":true,"takesScreenshot":true,"handlesAlerts":false,"databaseEnabled":false,"locationContextEnabled":false,"applicationCacheEnabled":false,"browserConnectionEnabled":false,"cssSelectorsEnabled":true,"webStorageEnabled":false,"rotatable":false,"acceptSslCerts":false,"nativeEvents":true,"proxy":{"proxyType":"direct"}}
[INFO  - 2016-08-01T17:03:07.023Z] SessionManagerReqHand - _postNewSessionCommand - New Session Created: d1437db0-5809-11e6-a6e3-2f1650165287
[INFO  - 2016-08-01T17:03:11.030Z] ShutdownReqHand - _handle - About to shutdown
[INFO  - 2016-08-01T17:04:05.303Z] GhostDriver - Main - running on port 48631
[INFO  - 2016-08-01T17:04:06.044Z] Session [f4716180-5809-11e6-8796-8d7a3c0d54fc] - page.settings - {"XSSAuditingEnabled":false,"javascriptCanCloseWindows":true,"javascriptCanOpenWindows":true,"javascriptEnabled":true,"loadImages":true,"localToRemoteUrlAccessEnabled":false,"userAgent":"Mozilla/5.0 (Windows NT 6.2; WOW64) AppleWebKit/538.1 (KHTML, like Gecko) PhantomJS/2.1.1 Safari/538.1","webSecurityEnabled":true}
[INFO  - 2016-08-01T17:04:06.044Z] Session [f4716180-5809-11e6-8796-8d7a3c0d54fc] - page.customHeaders:  - {}
[INFO  - 2016-08-01T17:04:06.044Z] Session [f4716180-5809-11e6-8796-8d7a3c0d54fc] - Session.negotiatedCapabilities - {"browserName":"phantomjs","version":"2.1.1","driverName":"ghostdriver","driverVersion":"1.2.0","platform":"windows-10-32bit","javascriptEnabled":true,"takesScreenshot":true,"handlesAlerts":false,"databaseEnabled":false,"locationContextEnabled":false,"applicationCacheEnabled":false,"browserConnectionEnabled":false,"cssSelectorsEnabled":true,"webStorageEnabled":false,"rotatable":false,"acceptSslCerts":false,"nativeEvents":true,"proxy":{"proxyType":"direct"}}
[INFO  - 2016-08-01T17:04:06.045Z] SessionManagerReqHand - _postNewSessionCommand - New Session Created: f4716180-5809-11e6-8796-8d7a3c0d54fc
[INFO  - 2016-08-01T17:04:11.917Z] ShutdownReqHand - _handle - About to shutdown
[INFO  - 2016-08-01T17:04:44.595Z] GhostDriver - Main - running on port 28734
[INFO  - 2016-08-01T17:04:45.347Z] Session [0bde8af0-580a-11e6-a8c9-3df194a13615] - page.settings - {"XSSAuditingEnabled":false,"javascriptCanCloseWindows":true,"javascriptCanOpenWindows":true,"javascriptEnabled":true,"loadImages":true,"localToRemoteUrlAccessEnabled":false,"userAgent":"Mozilla/5.0 (Windows NT 6.2; WOW64) AppleWebKit/538.1 (KHTML, like Gecko) PhantomJS/2.1.1 Safari/538.1","webSecurityEnabled":true}
[INFO  - 2016-08-01T17:04:45.347Z] Session [0bde8af0-580a-11e6-a8c9-3df194a13615] - page.customHeaders:  - {}
[INFO  - 2016-08-01T17:04:45.347Z] Session [0bde8af0-580a-11e6-a8c9-3df194a13615] - Session.negotiatedCapabilities - {"browserName":"phantomjs","version":"2.1.1","driverName":"ghostdriver","driverVersion":"1.2.0","platform":"windows-10-32bit","javascriptEnabled":true,"takesScreenshot":true,"handlesAlerts":false,"databaseEnabled":false,"locationContextEnabled":false,"applicationCacheEnabled":false,"browserConnectionEnabled":false,"cssSelectorsEnabled":true,"webStorageEnabled":false,"rotatable":false,"acceptSslCerts":false,"nativeEvents":true,"proxy":{"proxyType":"direct"}}
[INFO  - 2016-08-01T17:04:45.347Z] SessionManagerReqHand - _postNewSessionCommand - New Session Created: 0bde8af0-580a-11e6-a8c9-3df194a13615
[INFO  - 2016-08-01T17:05:36.761Z] GhostDriver - Main - running on port 19535
[INFO  - 2016-08-01T17:05:37.492Z] Session [2af315f0-580a-11e6-9540-79d2cf52b2dc] - page.settings - {"XSSAuditingEnabled":false,"javascriptCanCloseWindows":true,"javascriptCanOpenWindows":true,"javascriptEnabled":true,"loadImages":true,"localToRemoteUrlAccessEnabled":false,"userAgent":"Mozilla/5.0 (Windows NT 6.2; WOW64) AppleWebKit/538.1 (KHTML, like Gecko) PhantomJS/2.1.1 Safari/538.1","webSecurityEnabled":true}
[INFO  - 2016-08-01T17:05:37.492Z] Session [2af315f0-580a-11e6-9540-79d2cf52b2dc] - page.customHeaders:  - {}
[INFO  - 2016-08-01T17:05:37.492Z] Session [2af315f0-580a-11e6-9540-79d2cf52b2dc] - Session.negotiatedCapabilities - {"browserName":"phantomjs","version":"2.1.1","driverName":"ghostdriver","driverVersion":"1.2.0","platform":"windows-10-32bit","javascriptEnabled":true,"takesScreenshot":true,"handlesAlerts":false,"databaseEnabled":false,"locationContextEnabled":false,"applicationCacheEnabled":false,"browserConnectionEnabled":false,"cssSelectorsEnabled":true,"webStorageEnabled":false,"rotatable":false,"acceptSslCerts":false,"nativeEvents":true,"proxy":{"proxyType":"direct"}}
[INFO  - 2016-08-01T17:05:37.492Z] SessionManagerReqHand - _postNewSessionCommand - New Session Created: 2af315f0-580a-11e6-9540-79d2cf52b2dc
[INFO  - 2016-08-01T17:05:43.499Z] ShutdownReqHand - _handle - About to shutdown
[INFO  - 2016-08-01T17:06:19.738Z] GhostDriver - Main - running on port 38722
[INFO  - 2016-08-01T17:06:20.479Z] Session [44923a90-580a-11e6-8361-bbf94dd62304] - page.settings - {"XSSAuditingEnabled":false,"javascriptCanCloseWindows":true,"javascriptCanOpenWindows":true,"javascriptEnabled":true,"loadImages":true,"localToRemoteUrlAccessEnabled":false,"userAgent":"Mozilla/5.0 (Windows NT 6.2; WOW64) AppleWebKit/538.1 (KHTML, like Gecko) PhantomJS/2.1.1 Safari/538.1","webSecurityEnabled":true}
[INFO  - 2016-08-01T17:06:20.479Z] Session [44923a90-580a-11e6-8361-bbf94dd62304] - page.customHeaders:  - {}
[INFO  - 2016-08-01T17:06:20.479Z] Session [44923a90-580a-11e6-8361-bbf94dd62304] - Session.negotiatedCapabilities - {"browserName":"phantomjs","version":"2.1.1","driverName":"ghostdriver","driverVersion":"1.2.0","platform":"windows-10-32bit","javascriptEnabled":true,"takesScreenshot":true,"handlesAlerts":false,"databaseEnabled":false,"locationContextEnabled":false,"applicationCacheEnabled":false,"browserConnectionEnabled":false,"cssSelectorsEnabled":true,"webStorageEnabled":false,"rotatable":false,"acceptSslCerts":false,"nativeEvents":true,"proxy":{"proxyType":"direct"}}
[INFO  - 2016-08-01T17:06:20.479Z] SessionManagerReqHand - _postNewSessionCommand - New Session Created: 44923a90-580a-11e6-8361-bbf94dd62304
[INFO  - 2016-08-01T17:06:26.434Z] ShutdownReqHand - _handle - About to shutdown
[INFO  - 2016-08-01T17:07:26.423Z] GhostDriver - Main - running on port 46660
[INFO  - 2016-08-01T17:07:27.169Z] Session [6c529ed0-580a-11e6-8685-a120cba9ec6e] - page.settings - {"XSSAuditingEnabled":false,"javascriptCanCloseWindows":true,"javascriptCanOpenWindows":true,"javascriptEnabled":true,"loadImages":true,"localToRemoteUrlAccessEnabled":false,"userAgent":"Mozilla/5.0 (Windows NT 6.2; WOW64) AppleWebKit/538.1 (KHTML, like Gecko) PhantomJS/2.1.1 Safari/538.1","webSecurityEnabled":true}
[INFO  - 2016-08-01T17:07:27.169Z] Session [6c529ed0-580a-11e6-8685-a120cba9ec6e] - page.customHeaders:  - {}
[INFO  - 2016-08-01T17:07:27.169Z] Session [6c529ed0-580a-11e6-8685-a120cba9ec6e] - Session.negotiatedCapabilities - {"browserName":"phantomjs","version":"2.1.1","driverName":"ghostdriver","driverVersion":"1.2.0","platform":"windows-10-32bit","javascriptEnabled":true,"takesScreenshot":true,"handlesAlerts":false,"databaseEnabled":false,"locationContextEnabled":false,"applicationCacheEnabled":false,"browserConnectionEnabled":false,"cssSelectorsEnabled":true,"webStorageEnabled":false,"rotatable":false,"acceptSslCerts":false,"nativeEvents":true,"proxy":{"proxyType":"direct"}}
[INFO  - 2016-08-01T17:07:27.169Z] SessionManagerReqHand - _postNewSessionCommand - New Session Created: 6c529ed0-580a-11e6-8685-a120cba9ec6e
[INFO  - 2016-08-01T17:07:33.118Z] ShutdownReqHand - _handle - About to shutdown
